2025-02-17T16:46:00.358+01:00  INFO 1164 --- [projectbeta] [main] c.b.backend.megatest.FinalCustomersTest  : Starting FinalCustomersTest using Java 23.0.1 with PID 1164 (started by bosta in C:\0OmniFolder\Project Hardware\project hardware back end)
2025-02-17T16:46:00.366+01:00 DEBUG 1164 --- [projectbeta] [main] c.b.backend.megatest.FinalCustomersTest  : Running with Spring Boot v3.4.2, Spring v6.2.2
2025-02-17T16:46:00.366+01:00  INFO 1164 --- [projectbeta] [main] c.b.backend.megatest.FinalCustomersTest  : The following 1 profile is active: "${ambiente}"
2025-02-17T16:46:01.359+01:00  INFO 1164 --- [projectbeta] [main] .s.d.r.c.RepositoryConfigurationDelegate : Bootstrapping Spring Data JPA repositories in DEFAULT mode.
2025-02-17T16:46:01.525+01:00  INFO 1164 --- [projectbeta] [main] .s.d.r.c.RepositoryConfigurationDelegate : Finished Spring Data repository scanning in 150 ms. Found 19 JPA repository interfaces.
2025-02-17T16:46:02.180+01:00  INFO 1164 --- [projectbeta] [main] com.zaxxer.hikari.HikariDataSource       : HikariPool-1 - Starting...
2025-02-17T16:46:02.419+01:00  INFO 1164 --- [projectbeta] [main] com.zaxxer.hikari.pool.HikariPool        : HikariPool-1 - Added connection conn0: url=jdbc:h2:mem:db_jpa user=SA
2025-02-17T16:46:02.421+01:00  INFO 1164 --- [projectbeta] [main] com.zaxxer.hikari.HikariDataSource       : HikariPool-1 - Start completed.
2025-02-17T16:46:02.517+01:00  INFO 1164 --- [projectbeta] [main] o.hibernate.jpa.internal.util.LogHelper  : HHH000204: Processing PersistenceUnitInfo [name: default]
2025-02-17T16:46:02.657+01:00  INFO 1164 --- [projectbeta] [main] org.hibernate.Version                    : HHH000412: Hibernate ORM core version 6.6.5.Final
2025-02-17T16:46:02.722+01:00  INFO 1164 --- [projectbeta] [main] o.h.c.internal.RegionFactoryInitiator    : HHH000026: Second-level cache disabled
2025-02-17T16:46:03.239+01:00  INFO 1164 --- [projectbeta] [main] o.s.o.j.p.SpringPersistenceUnitInfo      : No LoadTimeWeaver setup: ignoring JPA class transformer
2025-02-17T16:46:03.330+01:00  INFO 1164 --- [projectbeta] [main] org.hibernate.orm.connections.pooling    : HHH10001005: Database info:
	Database JDBC URL [Connecting through datasource 'HikariDataSource (HikariPool-1)']
	Database driver: undefined/unknown
	Database version: 2.3.232
	Autocommit mode: undefined/unknown
	Isolation level: undefined/unknown
	Minimum pool size: undefined/unknown
	Maximum pool size: undefined/unknown
2025-02-17T16:46:03.764+01:00  WARN 1164 --- [projectbeta] [main] org.hibernate.mapping.RootClass          : HHH000038: Composite-id class does not override equals(): com.betacom.backend.model.messages.MessageID
2025-02-17T16:46:03.764+01:00  WARN 1164 --- [projectbeta] [main] org.hibernate.mapping.RootClass          : HHH000039: Composite-id class does not override hashCode(): com.betacom.backend.model.messages.MessageID
2025-02-17T16:46:04.754+01:00  INFO 1164 --- [projectbeta] [main] o.h.e.t.j.p.i.JtaPlatformInitiator       : HHH000489: No JTA platform available (set 'hibernate.transaction.jta.platform' to enable JTA platform integration)
2025-02-17T16:46:04.831+01:00  INFO 1164 --- [projectbeta] [main] j.LocalContainerEntityManagerFactoryBean : Initialized JPA EntityManagerFactory for persistence unit 'default'
2025-02-17T16:46:05.886+01:00  WARN 1164 --- [projectbeta] [main] JpaBaseConfiguration$JpaWebConfiguration : spring.jpa.open-in-view is enabled by default. Therefore, database queries may be performed during view rendering. Explicitly configure spring.jpa.open-in-view to disable this warning
2025-02-17T16:46:05.934+01:00  WARN 1164 --- [projectbeta] [main] .s.s.UserDetailsServiceAutoConfiguration : 

Using generated security password: a78f12ef-c572-4e9f-acfb-071a0f119991

This generated password is for development use only. Your security configuration must be updated before running your application in production.

2025-02-17T16:46:05.990+01:00  INFO 1164 --- [projectbeta] [main] r$InitializeUserDetailsManagerConfigurer : Global AuthenticationManager configured with UserDetailsService bean with name inMemoryUserDetailsManager
2025-02-17T16:46:06.845+01:00  INFO 1164 --- [projectbeta] [main] c.b.backend.megatest.FinalCustomersTest  : Started FinalCustomersTest in 6.922 seconds (process running for 8.62)
2025-02-17T16:46:07.403+01:00 DEBUG 1164 --- [projectbeta] [main] c.b.b.c.customer.CustomerController      : create :CustomerRequest [id=null, name=Daniel, surname=Bostan, taxId=BST01D02E120D, email=daniel@bostan.it, password=passwordDaniel]
2025-02-17T16:46:07.639+01:00 DEBUG 1164 --- [projectbeta] [main] c.b.b.c.customer.CustomerController      : create :CustomerRequest [id=null, name=Davide, surname=Longo, taxId=DVNG01D01E012E, email=davide@lodedo.it, password=passwordDavide]
2025-02-17T16:46:07.710+01:00 DEBUG 1164 --- [projectbeta] [main] c.b.b.c.customer.CustomerController      : create :CustomerRequest [id=null, name=Damiano, surname=Serini, taxId=DMNS01D01E0123E, email=damiano@serini.it, password=passwordDamiano]
2025-02-17T16:46:07.774+01:00 DEBUG 1164 --- [projectbeta] [main] c.b.b.c.customer.CustomerController      : create :CustomerRequest [id=null, name=Roberto, surname=Longo, taxId=RBNG01D01Z129S, email=roberto@longo.it, password=passwordRoberto]
2025-02-17T16:46:07.839+01:00 DEBUG 1164 --- [projectbeta] [main] c.b.b.c.customer.CustomerController      : create :CustomerRequest [id=null, name=delete, surname=me, taxId=DVN11D01E012E, email=delete@me.it, password=passwordDelete]
2025-02-17T16:46:07.910+01:00 DEBUG 1164 --- [projectbeta] [main] c.b.b.c.customer.AddressController       : create :com.betacom.backend.request.customer.AddressRequest@59e7a6d8
2025-02-17T16:46:07.920+01:00 DEBUG 1164 --- [projectbeta] [main] c.b.b.c.customer.AddressController       : create :com.betacom.backend.request.customer.AddressRequest@f6b85c3
2025-02-17T16:46:07.923+01:00 DEBUG 1164 --- [projectbeta] [main] c.b.b.c.customer.AddressController       : create :com.betacom.backend.request.customer.AddressRequest@74cf0dd9
2025-02-17T16:46:07.925+01:00 DEBUG 1164 --- [projectbeta] [main] c.b.b.c.customer.AddressController       : create :com.betacom.backend.request.customer.AddressRequest@52cb399d
2025-02-17T16:46:07.926+01:00 DEBUG 1164 --- [projectbeta] [main] c.b.b.c.customer.AddressController       : create :com.betacom.backend.request.customer.AddressRequest@2809e7ab
2025-02-17T16:46:07.928+01:00 DEBUG 1164 --- [projectbeta] [main] c.b.b.c.customer.AddressController       : create :com.betacom.backend.request.customer.AddressRequest@b205e08
2025-02-17T16:46:07.929+01:00 DEBUG 1164 --- [projectbeta] [main] c.b.b.c.customer.AddressController       : create :com.betacom.backend.request.customer.AddressRequest@8611b3f
2025-02-17T16:46:07.931+01:00 DEBUG 1164 --- [projectbeta] [main] c.b.b.c.customer.AddressController       : create :com.betacom.backend.request.customer.AddressRequest@7e6bfd2
2025-02-17T16:46:08.011+01:00 DEBUG 1164 --- [projectbeta] [main] c.b.backend.megatest.FinalCustomersTest  : CustomerDTO {id=5, name=delete, surname=me, taxId=DVN11D01E012E, email=delete@me.it, addresses=[]}
2025-02-17T16:46:08.011+01:00 DEBUG 1164 --- [projectbeta] [main] c.b.b.c.customer.CustomerController      : SignIn Request
2025-02-17T16:46:08.127+01:00 DEBUG 1164 --- [projectbeta] [main] c.b.backend.megatest.FinalCustomersTest  : Resp:true : CUSTOMER
2025-02-17T16:46:08.128+01:00 DEBUG 1164 --- [projectbeta] [main] c.b.b.c.customer.CustomerController      : update :CustomerRequest [id=null, name=delete, surname=me, taxId=DVN11D01E012E, email=delete@meme.it, password=passwordOfDelete]
2025-02-17T16:46:08.128+01:00 DEBUG 1164 --- [projectbeta] [main] c.b.b.c.customer.CustomerController      : update :CustomerRequest [id=5, name=delete, surname=me, taxId=DVN11D01E012E, email=delete@meme.it, password=passwordOfDelete]
2025-02-17T16:46:08.219+01:00 DEBUG 1164 --- [projectbeta] [main] c.b.b.c.customer.CustomerController      : delete  :null
2025-02-17T16:46:08.255+01:00  INFO 1164 --- [projectbeta] [SpringApplicationShutdownHook] j.LocalContainerEntityManagerFactoryBean : Closing JPA EntityManagerFactory for persistence unit 'default'
2025-02-17T16:46:08.268+01:00  INFO 1164 --- [projectbeta] [SpringApplicationShutdownHook] com.zaxxer.hikari.HikariDataSource       : HikariPool-1 - Shutdown initiated...
2025-02-17T16:46:08.272+01:00  INFO 1164 --- [projectbeta] [SpringApplicationShutdownHook] com.zaxxer.hikari.HikariDataSource       : HikariPool-1 - Shutdown completed.
2025-02-17T16:46:57.218+01:00  INFO 18292 --- [projectbeta] [main] c.b.backend.megatest.FinalCustomersTest  : Starting FinalCustomersTest using Java 23.0.1 with PID 18292 (started by bosta in C:\0OmniFolder\Project Hardware\project hardware back end)
2025-02-17T16:46:57.223+01:00 DEBUG 18292 --- [projectbeta] [main] c.b.backend.megatest.FinalCustomersTest  : Running with Spring Boot v3.4.2, Spring v6.2.2
2025-02-17T16:46:57.226+01:00  INFO 18292 --- [projectbeta] [main] c.b.backend.megatest.FinalCustomersTest  : The following 1 profile is active: "${ambiente}"
2025-02-17T16:46:58.611+01:00  INFO 18292 --- [projectbeta] [main] .s.d.r.c.RepositoryConfigurationDelegate : Bootstrapping Spring Data JPA repositories in DEFAULT mode.
2025-02-17T16:46:58.807+01:00  INFO 18292 --- [projectbeta] [main] .s.d.r.c.RepositoryConfigurationDelegate : Finished Spring Data repository scanning in 182 ms. Found 19 JPA repository interfaces.
2025-02-17T16:46:59.631+01:00  INFO 18292 --- [projectbeta] [main] com.zaxxer.hikari.HikariDataSource       : HikariPool-1 - Starting...
2025-02-17T16:46:59.934+01:00  INFO 18292 --- [projectbeta] [main] com.zaxxer.hikari.pool.HikariPool        : HikariPool-1 - Added connection conn0: url=jdbc:h2:mem:db_jpa user=SA
2025-02-17T16:46:59.941+01:00  INFO 18292 --- [projectbeta] [main] com.zaxxer.hikari.HikariDataSource       : HikariPool-1 - Start completed.
2025-02-17T16:47:00.070+01:00  INFO 18292 --- [projectbeta] [main] o.hibernate.jpa.internal.util.LogHelper  : HHH000204: Processing PersistenceUnitInfo [name: default]
2025-02-17T16:47:00.205+01:00  INFO 18292 --- [projectbeta] [main] org.hibernate.Version                    : HHH000412: Hibernate ORM core version 6.6.5.Final
2025-02-17T16:47:00.278+01:00  INFO 18292 --- [projectbeta] [main] o.h.c.internal.RegionFactoryInitiator    : HHH000026: Second-level cache disabled
2025-02-17T16:47:00.809+01:00  INFO 18292 --- [projectbeta] [main] o.s.o.j.p.SpringPersistenceUnitInfo      : No LoadTimeWeaver setup: ignoring JPA class transformer
2025-02-17T16:47:00.902+01:00  INFO 18292 --- [projectbeta] [main] org.hibernate.orm.connections.pooling    : HHH10001005: Database info:
	Database JDBC URL [Connecting through datasource 'HikariDataSource (HikariPool-1)']
	Database driver: undefined/unknown
	Database version: 2.3.232
	Autocommit mode: undefined/unknown
	Isolation level: undefined/unknown
	Minimum pool size: undefined/unknown
	Maximum pool size: undefined/unknown
2025-02-17T16:47:01.360+01:00  WARN 18292 --- [projectbeta] [main] org.hibernate.mapping.RootClass          : HHH000038: Composite-id class does not override equals(): com.betacom.backend.model.messages.MessageID
2025-02-17T16:47:01.360+01:00  WARN 18292 --- [projectbeta] [main] org.hibernate.mapping.RootClass          : HHH000039: Composite-id class does not override hashCode(): com.betacom.backend.model.messages.MessageID
2025-02-17T16:47:02.232+01:00  INFO 18292 --- [projectbeta] [main] o.h.e.t.j.p.i.JtaPlatformInitiator       : HHH000489: No JTA platform available (set 'hibernate.transaction.jta.platform' to enable JTA platform integration)
2025-02-17T16:47:02.313+01:00  INFO 18292 --- [projectbeta] [main] j.LocalContainerEntityManagerFactoryBean : Initialized JPA EntityManagerFactory for persistence unit 'default'
2025-02-17T16:47:03.069+01:00  WARN 18292 --- [projectbeta] [main] JpaBaseConfiguration$JpaWebConfiguration : spring.jpa.open-in-view is enabled by default. Therefore, database queries may be performed during view rendering. Explicitly configure spring.jpa.open-in-view to disable this warning
2025-02-17T16:47:03.108+01:00  WARN 18292 --- [projectbeta] [main] .s.s.UserDetailsServiceAutoConfiguration : 

Using generated security password: 9f29d582-8e28-406b-9d8a-7a87b65953e5

This generated password is for development use only. Your security configuration must be updated before running your application in production.

2025-02-17T16:47:03.136+01:00  INFO 18292 --- [projectbeta] [main] r$InitializeUserDetailsManagerConfigurer : Global AuthenticationManager configured with UserDetailsService bean with name inMemoryUserDetailsManager
2025-02-17T16:47:03.874+01:00  INFO 18292 --- [projectbeta] [main] c.b.backend.megatest.FinalCustomersTest  : Started FinalCustomersTest in 7.235 seconds (process running for 9.177)
2025-02-17T16:47:04.349+01:00 DEBUG 18292 --- [projectbeta] [main] c.b.b.c.customer.CustomerController      : create :CustomerRequest [id=null, name=Daniel, surname=Bostan, taxId=BST01D02E120D, email=daniel@bostan.it, password=passwordDaniel]
2025-02-17T16:47:04.600+01:00 DEBUG 18292 --- [projectbeta] [main] c.b.b.c.customer.CustomerController      : create :CustomerRequest [id=null, name=Davide, surname=Longo, taxId=DVNG01D01E012E, email=davide@lodedo.it, password=passwordDavide]
2025-02-17T16:47:04.672+01:00 DEBUG 18292 --- [projectbeta] [main] c.b.b.c.customer.CustomerController      : create :CustomerRequest [id=null, name=Damiano, surname=Serini, taxId=DMNS01D01E0123E, email=damiano@serini.it, password=passwordDamiano]
2025-02-17T16:47:04.736+01:00 DEBUG 18292 --- [projectbeta] [main] c.b.b.c.customer.CustomerController      : create :CustomerRequest [id=null, name=Roberto, surname=Longo, taxId=RBNG01D01Z129S, email=roberto@longo.it, password=passwordRoberto]
2025-02-17T16:47:04.800+01:00 DEBUG 18292 --- [projectbeta] [main] c.b.b.c.customer.CustomerController      : create :CustomerRequest [id=null, name=delete, surname=me, taxId=DVN11D01E012E, email=delete@me.it, password=passwordDelete]
2025-02-17T16:47:04.869+01:00 DEBUG 18292 --- [projectbeta] [main] c.b.b.c.customer.AddressController       : create :com.betacom.backend.request.customer.AddressRequest@2b9ea20c
2025-02-17T16:47:04.878+01:00 DEBUG 18292 --- [projectbeta] [main] c.b.b.c.customer.AddressController       : create :com.betacom.backend.request.customer.AddressRequest@33093469
2025-02-17T16:47:04.880+01:00 DEBUG 18292 --- [projectbeta] [main] c.b.b.c.customer.AddressController       : create :com.betacom.backend.request.customer.AddressRequest@4da454a7
2025-02-17T16:47:04.882+01:00 DEBUG 18292 --- [projectbeta] [main] c.b.b.c.customer.AddressController       : create :com.betacom.backend.request.customer.AddressRequest@138a8c9e
2025-02-17T16:47:04.884+01:00 DEBUG 18292 --- [projectbeta] [main] c.b.b.c.customer.AddressController       : create :com.betacom.backend.request.customer.AddressRequest@7f2c0470
2025-02-17T16:47:04.888+01:00 DEBUG 18292 --- [projectbeta] [main] c.b.b.c.customer.AddressController       : create :com.betacom.backend.request.customer.AddressRequest@493557d7
2025-02-17T16:47:04.890+01:00 DEBUG 18292 --- [projectbeta] [main] c.b.b.c.customer.AddressController       : create :com.betacom.backend.request.customer.AddressRequest@8c68f7f
2025-02-17T16:47:04.892+01:00 DEBUG 18292 --- [projectbeta] [main] c.b.b.c.customer.AddressController       : create :com.betacom.backend.request.customer.AddressRequest@398f6f04
2025-02-17T16:47:04.965+01:00 DEBUG 18292 --- [projectbeta] [main] c.b.backend.megatest.FinalCustomersTest  : CustomerDTO {id=5, name=delete, surname=me, taxId=DVN11D01E012E, email=delete@me.it, addresses=[]}
2025-02-17T16:47:04.966+01:00 DEBUG 18292 --- [projectbeta] [main] c.b.b.c.customer.CustomerController      : SignIn Request
2025-02-17T16:47:05.093+01:00 DEBUG 18292 --- [projectbeta] [main] c.b.backend.megatest.FinalCustomersTest  : Resp:true : CUSTOMER
2025-02-17T16:47:05.094+01:00 DEBUG 18292 --- [projectbeta] [main] c.b.b.c.customer.CustomerController      : update :CustomerRequest [id=null, name=delete, surname=me, taxId=DVN11D01E012E, email=delete@meme.it, password=passwordOfDelete]
2025-02-17T16:47:05.095+01:00 DEBUG 18292 --- [projectbeta] [main] c.b.b.c.customer.CustomerController      : update :CustomerRequest [id=5, name=delete, surname=me, taxId=DVN11D01E012E, email=delete@meme.it, password=passwordOfDelete]
2025-02-17T16:47:05.184+01:00 DEBUG 18292 --- [projectbeta] [main] c.b.b.c.customer.CustomerController      : delete  :null
2025-02-17T16:47:05.187+01:00 DEBUG 18292 --- [projectbeta] [main] c.b.b.c.customer.CustomerController      : delete  :5
2025-02-17T16:47:05.234+01:00  INFO 18292 --- [projectbeta] [SpringApplicationShutdownHook] j.LocalContainerEntityManagerFactoryBean : Closing JPA EntityManagerFactory for persistence unit 'default'
2025-02-17T16:47:05.250+01:00  INFO 18292 --- [projectbeta] [SpringApplicationShutdownHook] com.zaxxer.hikari.HikariDataSource       : HikariPool-1 - Shutdown initiated...
2025-02-17T16:47:05.257+01:00  INFO 18292 --- [projectbeta] [SpringApplicationShutdownHook] com.zaxxer.hikari.HikariDataSource       : HikariPool-1 - Shutdown completed.
2025-02-17T17:24:08.377+01:00  INFO 5756 --- [projectbeta] [main] c.b.backend.megatest.FinalCustomersTest  : Starting FinalCustomersTest using Java 23.0.1 with PID 5756 (started by bosta in C:\0OmniFolder\Project Hardware\project hardware back end)
2025-02-17T17:24:08.379+01:00 DEBUG 5756 --- [projectbeta] [main] c.b.backend.megatest.FinalCustomersTest  : Running with Spring Boot v3.4.2, Spring v6.2.2
2025-02-17T17:24:08.381+01:00  INFO 5756 --- [projectbeta] [main] c.b.backend.megatest.FinalCustomersTest  : The following 1 profile is active: "${ambiente}"
2025-02-17T17:24:09.319+01:00  INFO 5756 --- [projectbeta] [main] .s.d.r.c.RepositoryConfigurationDelegate : Bootstrapping Spring Data JPA repositories in DEFAULT mode.
2025-02-17T17:24:09.474+01:00  INFO 5756 --- [projectbeta] [main] .s.d.r.c.RepositoryConfigurationDelegate : Finished Spring Data repository scanning in 144 ms. Found 19 JPA repository interfaces.
2025-02-17T17:24:10.083+01:00  INFO 5756 --- [projectbeta] [main] com.zaxxer.hikari.HikariDataSource       : HikariPool-1 - Starting...
2025-02-17T17:24:10.309+01:00  INFO 5756 --- [projectbeta] [main] com.zaxxer.hikari.pool.HikariPool        : HikariPool-1 - Added connection conn0: url=jdbc:h2:mem:db_jpa user=SA
2025-02-17T17:24:10.311+01:00  INFO 5756 --- [projectbeta] [main] com.zaxxer.hikari.HikariDataSource       : HikariPool-1 - Start completed.
2025-02-17T17:24:10.399+01:00  INFO 5756 --- [projectbeta] [main] o.hibernate.jpa.internal.util.LogHelper  : HHH000204: Processing PersistenceUnitInfo [name: default]
2025-02-17T17:24:10.489+01:00  INFO 5756 --- [projectbeta] [main] org.hibernate.Version                    : HHH000412: Hibernate ORM core version 6.6.5.Final
2025-02-17T17:24:10.541+01:00  INFO 5756 --- [projectbeta] [main] o.h.c.internal.RegionFactoryInitiator    : HHH000026: Second-level cache disabled
2025-02-17T17:24:10.937+01:00  INFO 5756 --- [projectbeta] [main] o.s.o.j.p.SpringPersistenceUnitInfo      : No LoadTimeWeaver setup: ignoring JPA class transformer
2025-02-17T17:24:11.025+01:00  INFO 5756 --- [projectbeta] [main] org.hibernate.orm.connections.pooling    : HHH10001005: Database info:
	Database JDBC URL [Connecting through datasource 'HikariDataSource (HikariPool-1)']
	Database driver: undefined/unknown
	Database version: 2.3.232
	Autocommit mode: undefined/unknown
	Isolation level: undefined/unknown
	Minimum pool size: undefined/unknown
	Maximum pool size: undefined/unknown
2025-02-17T17:24:11.387+01:00  WARN 5756 --- [projectbeta] [main] org.hibernate.mapping.RootClass          : HHH000038: Composite-id class does not override equals(): com.betacom.backend.model.messages.MessageID
2025-02-17T17:24:11.387+01:00  WARN 5756 --- [projectbeta] [main] org.hibernate.mapping.RootClass          : HHH000039: Composite-id class does not override hashCode(): com.betacom.backend.model.messages.MessageID
2025-02-17T17:24:12.222+01:00  INFO 5756 --- [projectbeta] [main] o.h.e.t.j.p.i.JtaPlatformInitiator       : HHH000489: No JTA platform available (set 'hibernate.transaction.jta.platform' to enable JTA platform integration)
2025-02-17T17:24:12.289+01:00  INFO 5756 --- [projectbeta] [main] j.LocalContainerEntityManagerFactoryBean : Initialized JPA EntityManagerFactory for persistence unit 'default'
2025-02-17T17:24:13.007+01:00  WARN 5756 --- [projectbeta] [main] JpaBaseConfiguration$JpaWebConfiguration : spring.jpa.open-in-view is enabled by default. Therefore, database queries may be performed during view rendering. Explicitly configure spring.jpa.open-in-view to disable this warning
2025-02-17T17:24:13.051+01:00  WARN 5756 --- [projectbeta] [main] .s.s.UserDetailsServiceAutoConfiguration : 

Using generated security password: 79a605b9-52ad-4090-8252-e027c1c57f1f

This generated password is for development use only. Your security configuration must be updated before running your application in production.

2025-02-17T17:24:13.087+01:00  INFO 5756 --- [projectbeta] [main] r$InitializeUserDetailsManagerConfigurer : Global AuthenticationManager configured with UserDetailsService bean with name inMemoryUserDetailsManager
2025-02-17T17:24:13.893+01:00  INFO 5756 --- [projectbeta] [main] c.b.backend.megatest.FinalCustomersTest  : Started FinalCustomersTest in 5.862 seconds (process running for 7.255)
2025-02-17T17:24:14.406+01:00 DEBUG 5756 --- [projectbeta] [main] c.b.b.c.customer.CustomerController      : create :CustomerRequest [id=null, name=Daniel, surname=Bostan, taxId=BST01D02E120D, email=daniel@bostan.it, password=passwordDaniel]
2025-02-17T17:24:14.649+01:00 DEBUG 5756 --- [projectbeta] [main] c.b.b.c.customer.CustomerController      : create :CustomerRequest [id=null, name=Davide, surname=Longo, taxId=DVNG01D01E012E, email=davide@lodedo.it, password=passwordDavide]
2025-02-17T17:24:14.718+01:00 DEBUG 5756 --- [projectbeta] [main] c.b.b.c.customer.CustomerController      : create :CustomerRequest [id=null, name=Damiano, surname=Serini, taxId=DMNS01D01E0123E, email=damiano@serini.it, password=passwordDamiano]
2025-02-17T17:24:14.779+01:00 DEBUG 5756 --- [projectbeta] [main] c.b.b.c.customer.CustomerController      : create :CustomerRequest [id=null, name=Roberto, surname=Longo, taxId=RBNG01D01Z129S, email=roberto@longo.it, password=passwordRoberto]
2025-02-17T17:24:14.841+01:00 DEBUG 5756 --- [projectbeta] [main] c.b.b.c.customer.CustomerController      : create :CustomerRequest [id=null, name=delete, surname=me, taxId=DVN11D01E012E, email=delete@me.it, password=passwordDelete]
2025-02-17T17:24:14.908+01:00 DEBUG 5756 --- [projectbeta] [main] c.b.b.c.customer.AddressController       : create :com.betacom.backend.request.customer.AddressRequest@5a558335
2025-02-17T17:24:14.920+01:00 DEBUG 5756 --- [projectbeta] [main] c.b.b.c.customer.AddressController       : create :com.betacom.backend.request.customer.AddressRequest@7f2c0470
2025-02-17T17:24:14.921+01:00 DEBUG 5756 --- [projectbeta] [main] c.b.b.c.customer.AddressController       : create :com.betacom.backend.request.customer.AddressRequest@493557d7
2025-02-17T17:24:14.923+01:00 DEBUG 5756 --- [projectbeta] [main] c.b.b.c.customer.AddressController       : create :com.betacom.backend.request.customer.AddressRequest@8c68f7f
2025-02-17T17:24:14.924+01:00 DEBUG 5756 --- [projectbeta] [main] c.b.b.c.customer.AddressController       : create :com.betacom.backend.request.customer.AddressRequest@398f6f04
2025-02-17T17:24:14.926+01:00 DEBUG 5756 --- [projectbeta] [main] c.b.b.c.customer.AddressController       : create :com.betacom.backend.request.customer.AddressRequest@677480c8
2025-02-17T17:24:14.928+01:00 DEBUG 5756 --- [projectbeta] [main] c.b.b.c.customer.AddressController       : create :com.betacom.backend.request.customer.AddressRequest@490f4b14
2025-02-17T17:24:14.929+01:00 DEBUG 5756 --- [projectbeta] [main] c.b.b.c.customer.AddressController       : create :com.betacom.backend.request.customer.AddressRequest@352bccf
2025-02-17T17:24:15.003+01:00 DEBUG 5756 --- [projectbeta] [main] c.b.backend.megatest.FinalCustomersTest  : CustomerDTO {id=5, name=delete, surname=me, taxId=DVN11D01E012E, email=delete@me.it, addresses=[]}
2025-02-17T17:24:15.003+01:00 DEBUG 5756 --- [projectbeta] [main] c.b.b.c.customer.CustomerController      : SignIn Request
2025-02-17T17:24:15.116+01:00 DEBUG 5756 --- [projectbeta] [main] c.b.backend.megatest.FinalCustomersTest  : Resp:true : CUSTOMER
2025-02-17T17:24:15.117+01:00 DEBUG 5756 --- [projectbeta] [main] c.b.b.c.customer.CustomerController      : update :CustomerRequest [id=null, name=delete, surname=me, taxId=DVN11D01E012E, email=delete@meme.it, password=passwordOfDelete]
2025-02-17T17:24:15.118+01:00 DEBUG 5756 --- [projectbeta] [main] c.b.b.c.customer.CustomerController      : update :CustomerRequest [id=5, name=delete, surname=me, taxId=DVN11D01E012E, email=delete@meme.it, password=passwordOfDelete]
2025-02-17T17:24:15.206+01:00 DEBUG 5756 --- [projectbeta] [main] c.b.b.c.customer.CustomerController      : delete  :null
2025-02-17T17:24:15.208+01:00 DEBUG 5756 --- [projectbeta] [main] c.b.b.c.customer.CustomerController      : delete  :5
2025-02-17T17:24:15.241+01:00  INFO 5756 --- [projectbeta] [main] t.c.s.AnnotationConfigContextLoaderUtils : Could not detect default configuration classes for test class [com.betacom.backend.megatest.FinalProductTest]: FinalProductTest does not declare any static, non-private, non-final, nested classes annotated with @Configuration.
2025-02-17T17:24:15.243+01:00  INFO 5756 --- [projectbeta] [main] .b.t.c.SpringBootTestContextBootstrapper : Found @SpringBootConfiguration com.betacom.backend.ProjectbetaApplication for test class com.betacom.backend.megatest.FinalProductTest
2025-02-17T17:24:15.261+01:00  INFO 5756 --- [projectbeta] [SpringApplicationShutdownHook] j.LocalContainerEntityManagerFactoryBean : Closing JPA EntityManagerFactory for persistence unit 'default'
2025-02-17T17:24:15.276+01:00  INFO 5756 --- [projectbeta] [SpringApplicationShutdownHook] com.zaxxer.hikari.HikariDataSource       : HikariPool-1 - Shutdown initiated...
2025-02-17T17:24:15.279+01:00  INFO 5756 --- [projectbeta] [SpringApplicationShutdownHook] com.zaxxer.hikari.HikariDataSource       : HikariPool-1 - Shutdown completed.
2025-02-17T17:26:22.489+01:00  INFO 4724 --- [projectbeta] [main] c.b.backend.megatest.FinalCustomersTest  : Starting FinalCustomersTest using Java 23.0.1 with PID 4724 (started by bosta in C:\0OmniFolder\Project Hardware\project hardware back end)
2025-02-17T17:26:22.491+01:00 DEBUG 4724 --- [projectbeta] [main] c.b.backend.megatest.FinalCustomersTest  : Running with Spring Boot v3.4.2, Spring v6.2.2
2025-02-17T17:26:22.492+01:00  INFO 4724 --- [projectbeta] [main] c.b.backend.megatest.FinalCustomersTest  : The following 1 profile is active: "${ambiente}"
2025-02-17T17:26:23.303+01:00  INFO 4724 --- [projectbeta] [main] .s.d.r.c.RepositoryConfigurationDelegate : Bootstrapping Spring Data JPA repositories in DEFAULT mode.
2025-02-17T17:26:23.441+01:00  INFO 4724 --- [projectbeta] [main] .s.d.r.c.RepositoryConfigurationDelegate : Finished Spring Data repository scanning in 127 ms. Found 19 JPA repository interfaces.
2025-02-17T17:26:23.966+01:00  INFO 4724 --- [projectbeta] [main] com.zaxxer.hikari.HikariDataSource       : HikariPool-1 - Starting...
2025-02-17T17:26:24.172+01:00  INFO 4724 --- [projectbeta] [main] com.zaxxer.hikari.pool.HikariPool        : HikariPool-1 - Added connection conn0: url=jdbc:h2:mem:db_jpa user=SA
2025-02-17T17:26:24.174+01:00  INFO 4724 --- [projectbeta] [main] com.zaxxer.hikari.HikariDataSource       : HikariPool-1 - Start completed.
2025-02-17T17:26:24.267+01:00  INFO 4724 --- [projectbeta] [main] o.hibernate.jpa.internal.util.LogHelper  : HHH000204: Processing PersistenceUnitInfo [name: default]
2025-02-17T17:26:24.332+01:00  INFO 4724 --- [projectbeta] [main] org.hibernate.Version                    : HHH000412: Hibernate ORM core version 6.6.5.Final
2025-02-17T17:26:24.374+01:00  INFO 4724 --- [projectbeta] [main] o.h.c.internal.RegionFactoryInitiator    : HHH000026: Second-level cache disabled
2025-02-17T17:26:24.717+01:00  INFO 4724 --- [projectbeta] [main] o.s.o.j.p.SpringPersistenceUnitInfo      : No LoadTimeWeaver setup: ignoring JPA class transformer
2025-02-17T17:26:24.795+01:00  INFO 4724 --- [projectbeta] [main] org.hibernate.orm.connections.pooling    : HHH10001005: Database info:
	Database JDBC URL [Connecting through datasource 'HikariDataSource (HikariPool-1)']
	Database driver: undefined/unknown
	Database version: 2.3.232
	Autocommit mode: undefined/unknown
	Isolation level: undefined/unknown
	Minimum pool size: undefined/unknown
	Maximum pool size: undefined/unknown
2025-02-17T17:26:25.130+01:00  WARN 4724 --- [projectbeta] [main] org.hibernate.mapping.RootClass          : HHH000038: Composite-id class does not override equals(): com.betacom.backend.model.messages.MessageID
2025-02-17T17:26:25.131+01:00  WARN 4724 --- [projectbeta] [main] org.hibernate.mapping.RootClass          : HHH000039: Composite-id class does not override hashCode(): com.betacom.backend.model.messages.MessageID
2025-02-17T17:26:25.964+01:00  INFO 4724 --- [projectbeta] [main] o.h.e.t.j.p.i.JtaPlatformInitiator       : HHH000489: No JTA platform available (set 'hibernate.transaction.jta.platform' to enable JTA platform integration)
2025-02-17T17:26:26.036+01:00  INFO 4724 --- [projectbeta] [main] j.LocalContainerEntityManagerFactoryBean : Initialized JPA EntityManagerFactory for persistence unit 'default'
2025-02-17T17:26:26.774+01:00  WARN 4724 --- [projectbeta] [main] JpaBaseConfiguration$JpaWebConfiguration : spring.jpa.open-in-view is enabled by default. Therefore, database queries may be performed during view rendering. Explicitly configure spring.jpa.open-in-view to disable this warning
2025-02-17T17:26:26.831+01:00  WARN 4724 --- [projectbeta] [main] .s.s.UserDetailsServiceAutoConfiguration : 

Using generated security password: 623447f4-8b71-44f9-ac03-5bfcdcbd27bd

This generated password is for development use only. Your security configuration must be updated before running your application in production.

2025-02-17T17:26:26.866+01:00  INFO 4724 --- [projectbeta] [main] r$InitializeUserDetailsManagerConfigurer : Global AuthenticationManager configured with UserDetailsService bean with name inMemoryUserDetailsManager
2025-02-17T17:26:27.679+01:00  INFO 4724 --- [projectbeta] [main] c.b.backend.megatest.FinalCustomersTest  : Started FinalCustomersTest in 5.499 seconds (process running for 6.798)
2025-02-17T17:26:28.146+01:00 DEBUG 4724 --- [projectbeta] [main] c.b.b.c.customer.CustomerController      : create :CustomerRequest [id=null, name=Daniel, surname=Bostan, taxId=BST01D02E120D, email=daniel@bostan.it, password=passwordDaniel]
2025-02-17T17:26:28.370+01:00 DEBUG 4724 --- [projectbeta] [main] c.b.b.c.customer.CustomerController      : create :CustomerRequest [id=null, name=Davide, surname=Longo, taxId=DVNG01D01E012E, email=davide@lodedo.it, password=passwordDavide]
2025-02-17T17:26:28.442+01:00 DEBUG 4724 --- [projectbeta] [main] c.b.b.c.customer.CustomerController      : create :CustomerRequest [id=null, name=Damiano, surname=Serini, taxId=DMNS01D01E0123E, email=damiano@serini.it, password=passwordDamiano]
2025-02-17T17:26:28.505+01:00 DEBUG 4724 --- [projectbeta] [main] c.b.b.c.customer.CustomerController      : create :CustomerRequest [id=null, name=Roberto, surname=Longo, taxId=RBNG01D01Z129S, email=roberto@longo.it, password=passwordRoberto]
2025-02-17T17:26:28.567+01:00 DEBUG 4724 --- [projectbeta] [main] c.b.b.c.customer.CustomerController      : create :CustomerRequest [id=null, name=delete, surname=me, taxId=DVN11D01E012E, email=delete@me.it, password=passwordDelete]
2025-02-17T17:26:28.634+01:00 DEBUG 4724 --- [projectbeta] [main] c.b.b.c.customer.AddressController       : create :com.betacom.backend.request.customer.AddressRequest@476e4bb0
2025-02-17T17:26:28.644+01:00 DEBUG 4724 --- [projectbeta] [main] c.b.b.c.customer.AddressController       : create :com.betacom.backend.request.customer.AddressRequest@74cf0dd9
2025-02-17T17:26:28.646+01:00 DEBUG 4724 --- [projectbeta] [main] c.b.b.c.customer.AddressController       : create :com.betacom.backend.request.customer.AddressRequest@52cb399d
2025-02-17T17:26:28.648+01:00 DEBUG 4724 --- [projectbeta] [main] c.b.b.c.customer.AddressController       : create :com.betacom.backend.request.customer.AddressRequest@2809e7ab
2025-02-17T17:26:28.650+01:00 DEBUG 4724 --- [projectbeta] [main] c.b.b.c.customer.AddressController       : create :com.betacom.backend.request.customer.AddressRequest@b205e08
2025-02-17T17:26:28.652+01:00 DEBUG 4724 --- [projectbeta] [main] c.b.b.c.customer.AddressController       : create :com.betacom.backend.request.customer.AddressRequest@8611b3f
2025-02-17T17:26:28.653+01:00 DEBUG 4724 --- [projectbeta] [main] c.b.b.c.customer.AddressController       : create :com.betacom.backend.request.customer.AddressRequest@7e6bfd2
2025-02-17T17:26:28.655+01:00 DEBUG 4724 --- [projectbeta] [main] c.b.b.c.customer.AddressController       : create :com.betacom.backend.request.customer.AddressRequest@1582dfec
2025-02-17T17:26:28.734+01:00 DEBUG 4724 --- [projectbeta] [main] c.b.backend.megatest.FinalCustomersTest  : CustomerDTO {id=5, name=delete, surname=me, taxId=DVN11D01E012E, email=delete@me.it, addresses=[]}
2025-02-17T17:26:28.734+01:00 DEBUG 4724 --- [projectbeta] [main] c.b.b.c.customer.CustomerController      : SignIn Request
2025-02-17T17:26:28.838+01:00 DEBUG 4724 --- [projectbeta] [main] c.b.backend.megatest.FinalCustomersTest  : Resp:true : CUSTOMER
2025-02-17T17:26:28.839+01:00 DEBUG 4724 --- [projectbeta] [main] c.b.b.c.customer.CustomerController      : update :CustomerRequest [id=null, name=delete, surname=me, taxId=DVN11D01E012E, email=delete@meme.it, password=passwordOfDelete]
2025-02-17T17:26:28.840+01:00 DEBUG 4724 --- [projectbeta] [main] c.b.b.c.customer.CustomerController      : update :CustomerRequest [id=5, name=delete, surname=me, taxId=DVN11D01E012E, email=delete@meme.it, password=passwordOfDelete]
2025-02-17T17:26:28.924+01:00 DEBUG 4724 --- [projectbeta] [main] c.b.b.c.customer.CustomerController      : delete  :null
2025-02-17T17:26:28.926+01:00 DEBUG 4724 --- [projectbeta] [main] c.b.b.c.customer.CustomerController      : delete  :5
2025-02-17T17:26:28.961+01:00  INFO 4724 --- [projectbeta] [main] t.c.s.AnnotationConfigContextLoaderUtils : Could not detect default configuration classes for test class [com.betacom.backend.megatest.FinalProductTest]: FinalProductTest does not declare any static, non-private, non-final, nested classes annotated with @Configuration.
2025-02-17T17:26:28.963+01:00  INFO 4724 --- [projectbeta] [main] .b.t.c.SpringBootTestContextBootstrapper : Found @SpringBootConfiguration com.betacom.backend.ProjectbetaApplication for test class com.betacom.backend.megatest.FinalProductTest
2025-02-17T17:26:28.969+01:00 DEBUG 4724 --- [projectbeta] [main] c.b.b.c.products.ProductController       : PC : Product create request received:null
2025-02-17T17:26:28.970+01:00 DEBUG 4724 --- [projectbeta] [main] c.b.b.s.i.products.ProductImpl           : PI: create request:null
2025-02-17T17:26:28.973+01:00 DEBUG 4724 --- [projectbeta] [main] c.b.b.c.products.ProductController       : PC: Error in product creation
2025-02-17T17:26:28.973+01:00 DEBUG 4724 --- [projectbeta] [main] c.b.b.c.products.ProductController       : PC : Product create request received:null
2025-02-17T17:26:28.973+01:00 DEBUG 4724 --- [projectbeta] [main] c.b.b.s.i.products.ProductImpl           : PI: create request:null
2025-02-17T17:26:28.973+01:00 DEBUG 4724 --- [projectbeta] [main] c.b.b.c.products.ProductController       : PC: Error in product creation
2025-02-17T17:26:28.974+01:00 DEBUG 4724 --- [projectbeta] [main] c.b.b.c.products.ProductController       : PC : Product create request received:prodottoRequest{id=null, brand='null', model='null', description='null', stock=null}
2025-02-17T17:26:28.974+01:00 DEBUG 4724 --- [projectbeta] [main] c.b.b.s.i.products.ProductImpl           : PI: create request:prodottoRequest{id=null, brand='null', model='null', description='null', stock=null}
2025-02-17T17:26:28.974+01:00 ERROR 4724 --- [projectbeta] [main] c.b.b.s.i.products.ProductImpl           : PI: missing attributes
2025-02-17T17:26:28.977+01:00 DEBUG 4724 --- [projectbeta] [main] c.b.b.c.products.ProductController       : PC: Error in product creation
2025-02-17T17:26:28.977+01:00 DEBUG 4724 --- [projectbeta] [main] c.b.b.c.products.ProductController       : PC : Product create request received:prodottoRequest{id=null, brand='null', model='null', description='null', stock=null}
2025-02-17T17:26:28.977+01:00 DEBUG 4724 --- [projectbeta] [main] c.b.b.s.i.products.ProductImpl           : PI: create request:prodottoRequest{id=null, brand='null', model='null', description='null', stock=null}
2025-02-17T17:26:28.977+01:00 ERROR 4724 --- [projectbeta] [main] c.b.b.s.i.products.ProductImpl           : PI: missing attributes
2025-02-17T17:26:28.978+01:00 DEBUG 4724 --- [projectbeta] [main] c.b.b.c.products.ProductController       : PC: Error in product creation
2025-02-17T17:26:28.978+01:00 DEBUG 4724 --- [projectbeta] [main] c.b.b.c.products.ProductController       : PC : Product create request received:prodottoRequest{id=null, brand='tplink', model='wifimaster', description='scheda di rete tp link wifi di ultima generazione, permette comunicazione interplanetare in tempo reale, usa fibra stellre', stock=300}
2025-02-17T17:26:28.978+01:00 DEBUG 4724 --- [projectbeta] [main] c.b.b.s.i.products.ProductImpl           : PI: create request:prodottoRequest{id=null, brand='tplink', model='wifimaster', description='scheda di rete tp link wifi di ultima generazione, permette comunicazione interplanetare in tempo reale, usa fibra stellre', stock=300}
2025-02-17T17:26:28.980+01:00 DEBUG 4724 --- [projectbeta] [main] c.b.b.c.products.ProductController       : PC: Product created
2025-02-17T17:26:28.981+01:00 DEBUG 4724 --- [projectbeta] [main] c.b.b.c.products.ProductController       : PC : Product create request received:prodottoRequest{id=null, brand='tplink', model='bluetoothmaster', description='scheda di rete tp link bluetooth di ultima generazione, permette comunicazione interplanetare in tempo reale, usa fibra stellre', stock=99}
2025-02-17T17:26:28.981+01:00 DEBUG 4724 --- [projectbeta] [main] c.b.b.s.i.products.ProductImpl           : PI: create request:prodottoRequest{id=null, brand='tplink', model='bluetoothmaster', description='scheda di rete tp link bluetooth di ultima generazione, permette comunicazione interplanetare in tempo reale, usa fibra stellre', stock=99}
2025-02-17T17:26:28.983+01:00 DEBUG 4724 --- [projectbeta] [main] c.b.b.c.products.ProductController       : PC: Product created
2025-02-17T17:26:28.983+01:00 DEBUG 4724 --- [projectbeta] [main] c.b.b.c.products.ProductController       : PC : Product create request received:prodottoRequest{id=null, brand='luce', model='colorata', description='scheda di rete tp link bluetooth di ultima generazione, permette comunicazione interplanetare in tempo reale, usa fibra stellre', stock=99}
2025-02-17T17:26:28.984+01:00 DEBUG 4724 --- [projectbeta] [main] c.b.b.s.i.products.ProductImpl           : PI: create request:prodottoRequest{id=null, brand='luce', model='colorata', description='scheda di rete tp link bluetooth di ultima generazione, permette comunicazione interplanetare in tempo reale, usa fibra stellre', stock=99}
2025-02-17T17:26:28.987+01:00 DEBUG 4724 --- [projectbeta] [main] c.b.b.c.products.ProductController       : PC: Product created
2025-02-17T17:26:28.987+01:00 DEBUG 4724 --- [projectbeta] [main] c.b.b.c.products.ProductController       : PC : Product create request received:prodottoRequest{id=null, brand='noctua', model='fan', description='Ventola da 120mm', stock=150}
2025-02-17T17:26:28.987+01:00 DEBUG 4724 --- [projectbeta] [main] c.b.b.s.i.products.ProductImpl           : PI: create request:prodottoRequest{id=null, brand='noctua', model='fan', description='Ventola da 120mm', stock=150}
2025-02-17T17:26:28.988+01:00 DEBUG 4724 --- [projectbeta] [main] c.b.b.c.products.ProductController       : PC: Product created
2025-02-17T17:26:28.989+01:00 DEBUG 4724 --- [projectbeta] [main] c.b.b.c.products.ProductController       : PC : Product create request received:prodottoRequest{id=null, brand='pasta', model='termica', description='pasta da applicare tra processorte e dissipatore', stock=150}
2025-02-17T17:26:28.989+01:00 DEBUG 4724 --- [projectbeta] [main] c.b.b.s.i.products.ProductImpl           : PI: create request:prodottoRequest{id=null, brand='pasta', model='termica', description='pasta da applicare tra processorte e dissipatore', stock=150}
2025-02-17T17:26:28.991+01:00 DEBUG 4724 --- [projectbeta] [main] c.b.b.c.products.ProductController       : PC: Product created
2025-02-17T17:26:28.991+01:00 DEBUG 4724 --- [projectbeta] [main] c.b.b.c.products.ProductController       : PC : Product create request received:prodottoRequest{id=null, brand='dissi', model='patore', description='dispositivo di raffredamento', stock=30}
2025-02-17T17:26:28.991+01:00 DEBUG 4724 --- [projectbeta] [main] c.b.b.s.i.products.ProductImpl           : PI: create request:prodottoRequest{id=null, brand='dissi', model='patore', description='dispositivo di raffredamento', stock=30}
2025-02-17T17:26:28.993+01:00 DEBUG 4724 --- [projectbeta] [main] c.b.b.c.products.ProductController       : PC: Product created
2025-02-17T17:26:28.993+01:00 DEBUG 4724 --- [projectbeta] [main] c.b.b.c.products.ProductController       : PC : Product create request received:prodottoRequest{id=null, brand='update', model='me', description='luce rgb compatibile con tutte le ultime schede madri e alimentatori', stock=100}
2025-02-17T17:26:28.994+01:00 DEBUG 4724 --- [projectbeta] [main] c.b.b.s.i.products.ProductImpl           : PI: create request:prodottoRequest{id=null, brand='update', model='me', description='luce rgb compatibile con tutte le ultime schede madri e alimentatori', stock=100}
2025-02-17T17:26:28.996+01:00 DEBUG 4724 --- [projectbeta] [main] c.b.b.c.products.ProductController       : PC: Product created
2025-02-17T17:26:28.996+01:00 DEBUG 4724 --- [projectbeta] [main] c.b.b.c.products.ProductController       : PC : Product create request received:prodottoRequest{id=null, brand='update', model='me', description='luce rgb compatibile con tutte le ultime schede madri e alimentatori', stock=100}
2025-02-17T17:26:28.996+01:00 DEBUG 4724 --- [projectbeta] [main] c.b.b.s.i.products.ProductImpl           : PI: create request:prodottoRequest{id=null, brand='update', model='me', description='luce rgb compatibile con tutte le ultime schede madri e alimentatori', stock=100}
2025-02-17T17:26:28.997+01:00 DEBUG 4724 --- [projectbeta] [main] c.b.b.c.products.ProductController       : PC: Product created
2025-02-17T17:26:28.998+01:00 DEBUG 4724 --- [projectbeta] [main] c.b.b.c.products.ProductController       : PC : Product create request received:prodottoRequest{id=null, brand='update', model='me', description='luce rgb compatibile con tutte le ultime schede madri e alimentatori', stock=100}
2025-02-17T17:26:28.998+01:00 DEBUG 4724 --- [projectbeta] [main] c.b.b.s.i.products.ProductImpl           : PI: create request:prodottoRequest{id=null, brand='update', model='me', description='luce rgb compatibile con tutte le ultime schede madri e alimentatori', stock=100}
2025-02-17T17:26:28.999+01:00 DEBUG 4724 --- [projectbeta] [main] c.b.b.c.products.ProductController       : PC: Product created
2025-02-17T17:26:29.014+01:00  INFO 4724 --- [projectbeta] [SpringApplicationShutdownHook] j.LocalContainerEntityManagerFactoryBean : Closing JPA EntityManagerFactory for persistence unit 'default'
2025-02-17T17:26:29.029+01:00  INFO 4724 --- [projectbeta] [SpringApplicationShutdownHook] com.zaxxer.hikari.HikariDataSource       : HikariPool-1 - Shutdown initiated...
2025-02-17T17:26:29.032+01:00  INFO 4724 --- [projectbeta] [SpringApplicationShutdownHook] com.zaxxer.hikari.HikariDataSource       : HikariPool-1 - Shutdown completed.
